[debug] [2024-03-04T19:43:40.480Z] ----------------------------------------------------------------------
[debug] [2024-03-04T19:43:40.483Z] Command:       /usr/local/bin/firebase /Users/rishabparuchuri/.cache/firebase/tools/lib/node_modules/firebase-tools/lib/bin/firebase emulators:start
[debug] [2024-03-04T19:43:40.483Z] CLI Version:   13.4.0
[debug] [2024-03-04T19:43:40.484Z] Platform:      darwin
[debug] [2024-03-04T19:43:40.484Z] Node Version:  v18.5.0
[debug] [2024-03-04T19:43:40.486Z] Time:          Mon Mar 04 2024 14:43:40 GMT-0500 (Eastern Standard Time)
[debug] [2024-03-04T19:43:40.487Z] ----------------------------------------------------------------------
[debug] 
[debug] [2024-03-04T19:43:40.641Z] > command requires scopes: ["email","openid","https://www.googleapis.com/auth/cloudplatformprojects.readonly","https://www.googleapis.com/auth/firebase","https://www.googleapis.com/auth/cloud-platform"]
[debug] [2024-03-04T19:43:40.643Z] > authorizing via signed-in user (rishparu@gmail.com)
[info] i  emulators: Starting emulators: auth {"metadata":{"emulator":{"name":"hub"},"message":"Starting emulators: auth"}}
[debug] [2024-03-04T19:43:41.480Z] [logging] Logging Emulator only supports listening on one address (127.0.0.1). Not listening on ::1
[debug] [2024-03-04T19:43:41.481Z] [auth] Authentication Emulator only supports listening on one address (127.0.0.1). Not listening on ::1
[debug] [2024-03-04T19:43:41.483Z] assigned listening specs for emulators {"user":{"hub":[{"address":"127.0.0.1","family":"IPv4","port":4400},{"address":"::1","family":"IPv6","port":4400}],"ui":[{"address":"127.0.0.1","family":"IPv4","port":4000},{"address":"::1","family":"IPv6","port":4000}],"logging":[{"address":"127.0.0.1","family":"IPv4","port":4500}],"auth":[{"address":"127.0.0.1","family":"IPv4","port":9099}]},"metadata":{"message":"assigned listening specs for emulators"}}
[debug] [2024-03-04T19:43:41.508Z] [hub] writing locator at /var/folders/y4/knsq9y016td52xfscg4fykgr0000gn/T/hub-spotify-wrapped-3da70.json
[info] i  ui: downloading ui-v1.11.7.zip... {"metadata":{"emulator":{"name":"ui"},"message":"downloading ui-v1.11.7.zip..."}}
[debug] [2024-03-04T19:43:47.872Z] >>> [apiv2][query] GET https://storage.googleapis.com/firebase-preview-drop/emulator/ui-v1.11.7.zip 
[debug] [2024-03-04T19:43:48.152Z] <<< [apiv2][status] GET https://storage.googleapis.com/firebase-preview-drop/emulator/ui-v1.11.7.zip 200
[debug] [2024-03-04T19:43:48.152Z] <<< [apiv2][body] GET https://storage.googleapis.com/firebase-preview-drop/emulator/ui-v1.11.7.zip [stream]
[debug] [2024-03-04T19:43:48.662Z] Data is 3064105
[debug] [2024-03-04T19:43:48.663Z] [unzip] Entry: client/ (compressed_size=0 bytes, uncompressed_size=0 bytes)
[debug] [2024-03-04T19:43:48.664Z] [unzip] Processing entry: client/
[debug] [2024-03-04T19:43:48.664Z] [unzip] mkdir: /Users/rishabparuchuri/.cache/firebase/emulators/ui-v1.11.7/client/
[debug] [2024-03-04T19:43:48.666Z] [unzip] Entry: client/favicon.ico (compressed_size=2497 bytes, uncompressed_size=7406 bytes)
[debug] [2024-03-04T19:43:48.666Z] [unzip] Processing entry: client/favicon.ico
[debug] [2024-03-04T19:43:48.666Z] [unzip] else mkdir: /Users/rishabparuchuri/.cache/firebase/emulators/ui-v1.11.7/client
[debug] [2024-03-04T19:43:48.666Z] [unzip] deflating: /Users/rishabparuchuri/.cache/firebase/emulators/ui-v1.11.7/client/favicon.ico
[debug] [2024-03-04T19:43:48.675Z] [unzip] Entry: client/apple-touch-icon.png (compressed_size=7231 bytes, uncompressed_size=7367 bytes)
[debug] [2024-03-04T19:43:48.676Z] [unzip] Processing entry: client/apple-touch-icon.png
[debug] [2024-03-04T19:43:48.676Z] [unzip] else mkdir: /Users/rishabparuchuri/.cache/firebase/emulators/ui-v1.11.7/client
[debug] [2024-03-04T19:43:48.676Z] [unzip] deflating: /Users/rishabparuchuri/.cache/firebase/emulators/ui-v1.11.7/client/apple-touch-icon.png
[debug] [2024-03-04T19:43:48.679Z] [unzip] Entry: client/android-chrome-512x512.png (compressed_size=16987 bytes, uncompressed_size=18186 bytes)
[debug] [2024-03-04T19:43:48.679Z] [unzip] Processing entry: client/android-chrome-512x512.png
[debug] [2024-03-04T19:43:48.679Z] [unzip] else mkdir: /Users/rishabparuchuri/.cache/firebase/emulators/ui-v1.11.7/client
[debug] [2024-03-04T19:43:48.679Z] [unzip] deflating: /Users/rishabparuchuri/.cache/firebase/emulators/ui-v1.11.7/client/android-chrome-512x512.png
[debug] [2024-03-04T19:43:48.683Z] [unzip] Entry: client/assets/ (compressed_size=0 bytes, uncompressed_size=0 bytes)
[debug] [2024-03-04T19:43:48.683Z] [unzip] Processing entry: client/assets/
[debug] [2024-03-04T19:43:48.683Z] [unzip] mkdir: /Users/rishabparuchuri/.cache/firebase/emulators/ui-v1.11.7/client/assets/
[debug] [2024-03-04T19:43:48.683Z] [unzip] Entry: client/assets/extensions/ (compressed_size=0 bytes, uncompressed_size=0 bytes)
[debug] [2024-03-04T19:43:48.683Z] [unzip] Processing entry: client/assets/extensions/
[debug] [2024-03-04T19:43:48.683Z] [unzip] mkdir: /Users/rishabparuchuri/.cache/firebase/emulators/ui-v1.11.7/client/assets/extensions/
[debug] [2024-03-04T19:43:48.683Z] [unzip] Entry: client/assets/extensions/default-extension.png (compressed_size=1646 bytes, uncompressed_size=1657 bytes)
[debug] [2024-03-04T19:43:48.683Z] [unzip] Processing entry: client/assets/extensions/default-extension.png
[debug] [2024-03-04T19:43:48.683Z] [unzip] else mkdir: /Users/rishabparuchuri/.cache/firebase/emulators/ui-v1.11.7/client/assets/extensions
[debug] [2024-03-04T19:43:48.684Z] [unzip] deflating: /Users/rishabparuchuri/.cache/firebase/emulators/ui-v1.11.7/client/assets/extensions/default-extension.png
[debug] [2024-03-04T19:43:48.685Z] [unzip] Entry: client/assets/index.58ca09f7.css (compressed_size=37601 bytes, uncompressed_size=321252 bytes)
[debug] [2024-03-04T19:43:48.685Z] [unzip] Processing entry: client/assets/index.58ca09f7.css
[debug] [2024-03-04T19:43:48.685Z] [unzip] else mkdir: /Users/rishabparuchuri/.cache/firebase/emulators/ui-v1.11.7/client/assets
[debug] [2024-03-04T19:43:48.686Z] [unzip] deflating: /Users/rishabparuchuri/.cache/firebase/emulators/ui-v1.11.7/client/assets/index.58ca09f7.css
[debug] [2024-03-04T19:43:48.689Z] [unzip] Entry: client/assets/index.c2583d42.js (compressed_size=526232 bytes, uncompressed_size=1860152 bytes)
[debug] [2024-03-04T19:43:48.690Z] [unzip] Processing entry: client/assets/index.c2583d42.js
[debug] [2024-03-04T19:43:48.690Z] [unzip] else mkdir: /Users/rishabparuchuri/.cache/firebase/emulators/ui-v1.11.7/client/assets
[debug] [2024-03-04T19:43:48.690Z] [unzip] deflating: /Users/rishabparuchuri/.cache/firebase/emulators/ui-v1.11.7/client/assets/index.c2583d42.js
[debug] [2024-03-04T19:43:48.699Z] [unzip] Entry: client/assets/provider-icons/ (compressed_size=0 bytes, uncompressed_size=0 bytes)
[debug] [2024-03-04T19:43:48.699Z] [unzip] Processing entry: client/assets/provider-icons/
[debug] [2024-03-04T19:43:48.699Z] [unzip] mkdir: /Users/rishabparuchuri/.cache/firebase/emulators/ui-v1.11.7/client/assets/provider-icons/
[debug] [2024-03-04T19:43:48.699Z] [unzip] Entry: client/assets/provider-icons/auth_service_oidc.svg (compressed_size=414 bytes, uncompressed_size=858 bytes)
[debug] [2024-03-04T19:43:48.699Z] [unzip] Processing entry: client/assets/provider-icons/auth_service_oidc.svg
[debug] [2024-03-04T19:43:48.699Z] [unzip] else mkdir: /Users/rishabparuchuri/.cache/firebase/emulators/ui-v1.11.7/client/assets/provider-icons
[debug] [2024-03-04T19:43:48.700Z] [unzip] deflating: /Users/rishabparuchuri/.cache/firebase/emulators/ui-v1.11.7/client/assets/provider-icons/auth_service_oidc.svg
[debug] [2024-03-04T19:43:48.703Z] [unzip] Entry: client/assets/provider-icons/auth_service_yahoo.svg (compressed_size=577 bytes, uncompressed_size=1182 bytes)
[debug] [2024-03-04T19:43:48.704Z] [unzip] Processing entry: client/assets/provider-icons/auth_service_yahoo.svg
[debug] [2024-03-04T19:43:48.704Z] [unzip] else mkdir: /Users/rishabparuchuri/.cache/firebase/emulators/ui-v1.11.7/client/assets/provider-icons
[debug] [2024-03-04T19:43:48.704Z] [unzip] deflating: /Users/rishabparuchuri/.cache/firebase/emulators/ui-v1.11.7/client/assets/provider-icons/auth_service_yahoo.svg
[debug] [2024-03-04T19:43:48.706Z] [unzip] Entry: client/assets/provider-icons/auth_service_phone.svg (compressed_size=261 bytes, uncompressed_size=414 bytes)
[debug] [2024-03-04T19:43:48.706Z] [unzip] Processing entry: client/assets/provider-icons/auth_service_phone.svg
[debug] [2024-03-04T19:43:48.706Z] [unzip] else mkdir: /Users/rishabparuchuri/.cache/firebase/emulators/ui-v1.11.7/client/assets/provider-icons
[debug] [2024-03-04T19:43:48.706Z] [unzip] deflating: /Users/rishabparuchuri/.cache/firebase/emulators/ui-v1.11.7/client/assets/provider-icons/auth_service_phone.svg
[debug] [2024-03-04T19:43:48.712Z] [unzip] Entry: client/assets/provider-icons/auth_service_saml.svg (compressed_size=575 bytes, uncompressed_size=1226 bytes)
[debug] [2024-03-04T19:43:48.712Z] [unzip] Processing entry: client/assets/provider-icons/auth_service_saml.svg
[debug] [2024-03-04T19:43:48.712Z] [unzip] else mkdir: /Users/rishabparuchuri/.cache/firebase/emulators/ui-v1.11.7/client/assets/provider-icons
[debug] [2024-03-04T19:43:48.713Z] [unzip] deflating: /Users/rishabparuchuri/.cache/firebase/emulators/ui-v1.11.7/client/assets/provider-icons/auth_service_saml.svg
[debug] [2024-03-04T19:43:48.718Z] [unzip] Entry: client/assets/provider-icons/auth_service_mslive.svg (compressed_size=203 bytes, uncompressed_size=378 bytes)
[debug] [2024-03-04T19:43:48.718Z] [unzip] Processing entry: client/assets/provider-icons/auth_service_mslive.svg
[debug] [2024-03-04T19:43:48.718Z] [unzip] else mkdir: /Users/rishabparuchuri/.cache/firebase/emulators/ui-v1.11.7/client/assets/provider-icons
[debug] [2024-03-04T19:43:48.719Z] [unzip] deflating: /Users/rishabparuchuri/.cache/firebase/emulators/ui-v1.11.7/client/assets/provider-icons/auth_service_mslive.svg
[debug] [2024-03-04T19:43:48.724Z] [unzip] Entry: client/assets/provider-icons/auth_service_facebook.svg (compressed_size=289 bytes, uncompressed_size=457 bytes)
[debug] [2024-03-04T19:43:48.724Z] [unzip] Processing entry: client/assets/provider-icons/auth_service_facebook.svg
[debug] [2024-03-04T19:43:48.724Z] [unzip] else mkdir: /Users/rishabparuchuri/.cache/firebase/emulators/ui-v1.11.7/client/assets/provider-icons
[debug] [2024-03-04T19:43:48.724Z] [unzip] deflating: /Users/rishabparuchuri/.cache/firebase/emulators/ui-v1.11.7/client/assets/provider-icons/auth_service_facebook.svg
[debug] [2024-03-04T19:43:48.726Z] [unzip] Entry: client/assets/provider-icons/auth_service_play_games.svg (compressed_size=565 bytes, uncompressed_size=1173 bytes)
[debug] [2024-03-04T19:43:48.726Z] [unzip] Processing entry: client/assets/provider-icons/auth_service_play_games.svg
[debug] [2024-03-04T19:43:48.726Z] [unzip] else mkdir: /Users/rishabparuchuri/.cache/firebase/emulators/ui-v1.11.7/client/assets/provider-icons
[debug] [2024-03-04T19:43:48.727Z] [unzip] deflating: /Users/rishabparuchuri/.cache/firebase/emulators/ui-v1.11.7/client/assets/provider-icons/auth_service_play_games.svg
[debug] [2024-03-04T19:43:48.731Z] [unzip] Entry: client/assets/provider-icons/auth_service_github.svg (compressed_size=466 bytes, uncompressed_size=838 bytes)
[debug] [2024-03-04T19:43:48.731Z] [unzip] Processing entry: client/assets/provider-icons/auth_service_github.svg
[debug] [2024-03-04T19:43:48.731Z] [unzip] else mkdir: /Users/rishabparuchuri/.cache/firebase/emulators/ui-v1.11.7/client/assets/provider-icons
[debug] [2024-03-04T19:43:48.731Z] [unzip] deflating: /Users/rishabparuchuri/.cache/firebase/emulators/ui-v1.11.7/client/assets/provider-icons/auth_service_github.svg
[debug] [2024-03-04T19:43:48.732Z] [unzip] Entry: client/assets/provider-icons/auth_service_apple.svg (compressed_size=230 bytes, uncompressed_size=334 bytes)
[debug] [2024-03-04T19:43:48.732Z] [unzip] Processing entry: client/assets/provider-icons/auth_service_apple.svg
[debug] [2024-03-04T19:43:48.732Z] [unzip] else mkdir: /Users/rishabparuchuri/.cache/firebase/emulators/ui-v1.11.7/client/assets/provider-icons
[debug] [2024-03-04T19:43:48.732Z] [unzip] deflating: /Users/rishabparuchuri/.cache/firebase/emulators/ui-v1.11.7/client/assets/provider-icons/auth_service_apple.svg
[debug] [2024-03-04T19:43:48.732Z] [unzip] Entry: client/assets/provider-icons/auth_service_google.svg (compressed_size=409 bytes, uncompressed_size=720 bytes)
[debug] [2024-03-04T19:43:48.732Z] [unzip] Processing entry: client/assets/provider-icons/auth_service_google.svg
[debug] [2024-03-04T19:43:48.732Z] [unzip] else mkdir: /Users/rishabparuchuri/.cache/firebase/emulators/ui-v1.11.7/client/assets/provider-icons
[debug] [2024-03-04T19:43:48.732Z] [unzip] deflating: /Users/rishabparuchuri/.cache/firebase/emulators/ui-v1.11.7/client/assets/provider-icons/auth_service_google.svg
[debug] [2024-03-04T19:43:48.738Z] [unzip] Entry: client/assets/provider-icons/auth_service_email.svg (compressed_size=228 bytes, uncompressed_size=326 bytes)
[debug] [2024-03-04T19:43:48.739Z] [unzip] Processing entry: client/assets/provider-icons/auth_service_email.svg
[debug] [2024-03-04T19:43:48.739Z] [unzip] else mkdir: /Users/rishabparuchuri/.cache/firebase/emulators/ui-v1.11.7/client/assets/provider-icons
[debug] [2024-03-04T19:43:48.739Z] [unzip] deflating: /Users/rishabparuchuri/.cache/firebase/emulators/ui-v1.11.7/client/assets/provider-icons/auth_service_email.svg
[debug] [2024-03-04T19:43:48.740Z] [unzip] Entry: client/assets/provider-icons/auth_service_twitter.svg (compressed_size=444 bytes, uncompressed_size=751 bytes)
[debug] [2024-03-04T19:43:48.740Z] [unzip] Processing entry: client/assets/provider-icons/auth_service_twitter.svg
[debug] [2024-03-04T19:43:48.740Z] [unzip] else mkdir: /Users/rishabparuchuri/.cache/firebase/emulators/ui-v1.11.7/client/assets/provider-icons
[debug] [2024-03-04T19:43:48.740Z] [unzip] deflating: /Users/rishabparuchuri/.cache/firebase/emulators/ui-v1.11.7/client/assets/provider-icons/auth_service_twitter.svg
[debug] [2024-03-04T19:43:48.740Z] [unzip] Entry: client/assets/provider-icons/auth_service_game_center.svg (compressed_size=991 bytes, uncompressed_size=3921 bytes)
[debug] [2024-03-04T19:43:48.740Z] [unzip] Processing entry: client/assets/provider-icons/auth_service_game_center.svg
[debug] [2024-03-04T19:43:48.740Z] [unzip] else mkdir: /Users/rishabparuchuri/.cache/firebase/emulators/ui-v1.11.7/client/assets/provider-icons
[debug] [2024-03-04T19:43:48.740Z] [unzip] deflating: /Users/rishabparuchuri/.cache/firebase/emulators/ui-v1.11.7/client/assets/provider-icons/auth_service_game_center.svg
[debug] [2024-03-04T19:43:48.741Z] [unzip] Entry: client/assets/index.c2583d42.js.map (compressed_size=1778557 bytes, uncompressed_size=7961927 bytes)
[debug] [2024-03-04T19:43:48.741Z] [unzip] Processing entry: client/assets/index.c2583d42.js.map
[debug] [2024-03-04T19:43:48.741Z] [unzip] else mkdir: /Users/rishabparuchuri/.cache/firebase/emulators/ui-v1.11.7/client/assets
[debug] [2024-03-04T19:43:48.741Z] [unzip] deflating: /Users/rishabparuchuri/.cache/firebase/emulators/ui-v1.11.7/client/assets/index.c2583d42.js.map
[debug] [2024-03-04T19:43:48.771Z] [unzip] Entry: client/assets/img/ (compressed_size=0 bytes, uncompressed_size=0 bytes)
[debug] [2024-03-04T19:43:48.771Z] [unzip] Processing entry: client/assets/img/
[debug] [2024-03-04T19:43:48.771Z] [unzip] mkdir: /Users/rishabparuchuri/.cache/firebase/emulators/ui-v1.11.7/client/assets/img/
[debug] [2024-03-04T19:43:48.771Z] [unzip] Entry: client/assets/img/database.png (compressed_size=29449 bytes, uncompressed_size=29988 bytes)
[debug] [2024-03-04T19:43:48.771Z] [unzip] Processing entry: client/assets/img/database.png
[debug] [2024-03-04T19:43:48.771Z] [unzip] else mkdir: /Users/rishabparuchuri/.cache/firebase/emulators/ui-v1.11.7/client/assets/img
[debug] [2024-03-04T19:43:48.771Z] [unzip] deflating: /Users/rishabparuchuri/.cache/firebase/emulators/ui-v1.11.7/client/assets/img/database.png
[debug] [2024-03-04T19:43:48.779Z] [unzip] Entry: client/safari-pinned-tab.svg (compressed_size=838 bytes, uncompressed_size=1504 bytes)
[debug] [2024-03-04T19:43:48.780Z] [unzip] Processing entry: client/safari-pinned-tab.svg
[debug] [2024-03-04T19:43:48.780Z] [unzip] else mkdir: /Users/rishabparuchuri/.cache/firebase/emulators/ui-v1.11.7/client
[debug] [2024-03-04T19:43:48.780Z] [unzip] deflating: /Users/rishabparuchuri/.cache/firebase/emulators/ui-v1.11.7/client/safari-pinned-tab.svg
[debug] [2024-03-04T19:43:48.781Z] [unzip] Entry: client/mstile-150x150.png (compressed_size=5406 bytes, uncompressed_size=5723 bytes)
[debug] [2024-03-04T19:43:48.781Z] [unzip] Processing entry: client/mstile-150x150.png
[debug] [2024-03-04T19:43:48.781Z] [unzip] else mkdir: /Users/rishabparuchuri/.cache/firebase/emulators/ui-v1.11.7/client
[debug] [2024-03-04T19:43:48.781Z] [unzip] deflating: /Users/rishabparuchuri/.cache/firebase/emulators/ui-v1.11.7/client/mstile-150x150.png
[debug] [2024-03-04T19:43:48.781Z] [unzip] Entry: client/browserconfig.xml (compressed_size=491 bytes, uncompressed_size=822 bytes)
[debug] [2024-03-04T19:43:48.781Z] [unzip] Processing entry: client/browserconfig.xml
[debug] [2024-03-04T19:43:48.781Z] [unzip] else mkdir: /Users/rishabparuchuri/.cache/firebase/emulators/ui-v1.11.7/client
[debug] [2024-03-04T19:43:48.782Z] [unzip] deflating: /Users/rishabparuchuri/.cache/firebase/emulators/ui-v1.11.7/client/browserconfig.xml
[debug] [2024-03-04T19:43:48.782Z] [unzip] Entry: client/robots.txt (compressed_size=26 bytes, uncompressed_size=26 bytes)
[debug] [2024-03-04T19:43:48.782Z] [unzip] Processing entry: client/robots.txt
[debug] [2024-03-04T19:43:48.782Z] [unzip] else mkdir: /Users/rishabparuchuri/.cache/firebase/emulators/ui-v1.11.7/client
[debug] [2024-03-04T19:43:48.782Z] [unzip] Writing file: /Users/rishabparuchuri/.cache/firebase/emulators/ui-v1.11.7/client/robots.txt
[debug] [2024-03-04T19:43:48.783Z] [unzip] Entry: client/index.html (compressed_size=1363 bytes, uncompressed_size=3064 bytes)
[debug] [2024-03-04T19:43:48.784Z] [unzip] Processing entry: client/index.html
[debug] [2024-03-04T19:43:48.784Z] [unzip] else mkdir: /Users/rishabparuchuri/.cache/firebase/emulators/ui-v1.11.7/client
[debug] [2024-03-04T19:43:48.784Z] [unzip] deflating: /Users/rishabparuchuri/.cache/firebase/emulators/ui-v1.11.7/client/index.html
[debug] [2024-03-04T19:43:48.791Z] [unzip] Entry: client/favicon-16x16.png (compressed_size=757 bytes, uncompressed_size=777 bytes)
[debug] [2024-03-04T19:43:48.791Z] [unzip] Processing entry: client/favicon-16x16.png
[debug] [2024-03-04T19:43:48.791Z] [unzip] else mkdir: /Users/rishabparuchuri/.cache/firebase/emulators/ui-v1.11.7/client
[debug] [2024-03-04T19:43:48.791Z] [unzip] deflating: /Users/rishabparuchuri/.cache/firebase/emulators/ui-v1.11.7/client/favicon-16x16.png
[debug] [2024-03-04T19:43:48.792Z] [unzip] Entry: client/manifest.json (compressed_size=246 bytes, uncompressed_size=551 bytes)
[debug] [2024-03-04T19:43:48.792Z] [unzip] Processing entry: client/manifest.json
[debug] [2024-03-04T19:43:48.792Z] [unzip] else mkdir: /Users/rishabparuchuri/.cache/firebase/emulators/ui-v1.11.7/client
[debug] [2024-03-04T19:43:48.792Z] [unzip] deflating: /Users/rishabparuchuri/.cache/firebase/emulators/ui-v1.11.7/client/manifest.json
[debug] [2024-03-04T19:43:48.792Z] [unzip] Entry: client/favicon-32x32.png (compressed_size=1175 bytes, uncompressed_size=1175 bytes)
[debug] [2024-03-04T19:43:48.792Z] [unzip] Processing entry: client/favicon-32x32.png
[debug] [2024-03-04T19:43:48.792Z] [unzip] else mkdir: /Users/rishabparuchuri/.cache/firebase/emulators/ui-v1.11.7/client
[debug] [2024-03-04T19:43:48.792Z] [unzip] Writing file: /Users/rishabparuchuri/.cache/firebase/emulators/ui-v1.11.7/client/favicon-32x32.png
[debug] [2024-03-04T19:43:48.792Z] [unzip] Entry: client/android-chrome-192x192.png (compressed_size=7602 bytes, uncompressed_size=7834 bytes)
[debug] [2024-03-04T19:43:48.792Z] [unzip] Processing entry: client/android-chrome-192x192.png
[debug] [2024-03-04T19:43:48.793Z] [unzip] else mkdir: /Users/rishabparuchuri/.cache/firebase/emulators/ui-v1.11.7/client
[debug] [2024-03-04T19:43:48.793Z] [unzip] deflating: /Users/rishabparuchuri/.cache/firebase/emulators/ui-v1.11.7/client/android-chrome-192x192.png
[debug] [2024-03-04T19:43:48.793Z] [unzip] Entry: server/ (compressed_size=0 bytes, uncompressed_size=0 bytes)
[debug] [2024-03-04T19:43:48.793Z] [unzip] Processing entry: server/
[debug] [2024-03-04T19:43:48.793Z] [unzip] mkdir: /Users/rishabparuchuri/.cache/firebase/emulators/ui-v1.11.7/server/
[debug] [2024-03-04T19:43:48.793Z] [unzip] Entry: server/server.js (compressed_size=343746 bytes, uncompressed_size=1346374 bytes)
[debug] [2024-03-04T19:43:48.793Z] [unzip] Processing entry: server/server.js
[debug] [2024-03-04T19:43:48.793Z] [unzip] else mkdir: /Users/rishabparuchuri/.cache/firebase/emulators/ui-v1.11.7/server
[debug] [2024-03-04T19:43:48.793Z] [unzip] deflating: /Users/rishabparuchuri/.cache/firebase/emulators/ui-v1.11.7/server/server.js
[debug] [2024-03-04T19:43:48.802Z] [unzip] Entry: server/server.js.map (compressed_size=289157 bytes, uncompressed_size=1325651 bytes)
[debug] [2024-03-04T19:43:48.802Z] [unzip] Processing entry: server/server.js.map
[debug] [2024-03-04T19:43:48.802Z] [unzip] else mkdir: /Users/rishabparuchuri/.cache/firebase/emulators/ui-v1.11.7/server
[debug] [2024-03-04T19:43:48.803Z] [unzip] deflating: /Users/rishabparuchuri/.cache/firebase/emulators/ui-v1.11.7/server/server.js.map
[debug] [2024-03-04T19:43:48.812Z] Ignoring unsupported arg: auto_download {"metadata":{"emulator":{"name":"ui"},"message":"Ignoring unsupported arg: auto_download"}}
[debug] [2024-03-04T19:43:48.813Z] Ignoring unsupported arg: port {"metadata":{"emulator":{"name":"ui"},"message":"Ignoring unsupported arg: port"}}
[debug] [2024-03-04T19:43:48.813Z] Starting Emulator UI with command {"binary":"node","args":["/Users/rishabparuchuri/.cache/firebase/emulators/ui-v1.11.7/server/server.js"],"optionalArgs":[],"joinArgs":false} {"metadata":{"emulator":{"name":"ui"},"message":"Starting Emulator UI with command {\"binary\":\"node\",\"args\":[\"/Users/rishabparuchuri/.cache/firebase/emulators/ui-v1.11.7/server/server.js\"],\"optionalArgs\":[],\"joinArgs\":false}"}}
[info] i  ui: Emulator UI logging to ui-debug.log {"metadata":{"emulator":{"name":"ui"},"message":"Emulator UI logging to \u001b[1mui-debug.log\u001b[22m"}}
[debug] [2024-03-04T19:43:49.116Z] Web / API server started at 127.0.0.1:4000
 {"metadata":{"emulator":{"name":"ui"},"message":"Web / API server started at 127.0.0.1:4000\n"}}
[debug] [2024-03-04T19:43:49.117Z] Web / API server started at ::1:4000
 {"metadata":{"emulator":{"name":"ui"},"message":"Web / API server started at ::1:4000\n"}}
[info] 
┌─────────────────────────────────────────────────────────────┐
│ ✔  All emulators ready! It is now safe to connect your app. │
│ i  View Emulator UI at http://127.0.0.1:4000/               │
└─────────────────────────────────────────────────────────────┘

┌────────────────┬────────────────┬────────────────────────────┐
│ Emulator       │ Host:Port      │ View in Emulator UI        │
├────────────────┼────────────────┼────────────────────────────┤
│ Authentication │ 127.0.0.1:9099 │ http://127.0.0.1:4000/auth │
└────────────────┴────────────────┴────────────────────────────┘
  Emulator Hub running at 127.0.0.1:4400
  Other reserved ports: 4500

Issues? Report them at https://github.com/firebase/firebase-tools/issues and attach the *-debug.log files.
 
